17-Sep-2014 14:04:10
Normalizing files in folder /Users/rachelfinck/Documents/MATLAB/normalization/paper_data/
20120222_cells_found.fcs
	1749 beads found (0.43401% of all events)
	Bead1(La139)Di bead boundary: [2.3518 136.45]
	Bead2(Pr141)Di bead boundary: [2.3518 136.45]
	CD11c(Tb159)Di bead boundary: [6.68589 1008.57]
	Bead3(Tm169)Di bead boundary: [13.6188 1008.57]
	Bead4(Lu175)Di bead boundary: [4.56286 1008.57]
	DNA bead boundary: [-5.87601 2.1218]
20120229_cells_found.fcs
	2494 beads found (0.71635% of all events)
	Bead1(La139)Di bead boundary: [7.38394 767.818]
	Bead2(Pr141)Di bead boundary: [6.2329 136.45]
	CD11c(Tb159)Di bead boundary: [15.2616 3204.31]
	Bead3(Tm169)Di bead boundary: [13.6188 2741.58]
	Bead4(Lu175)Di bead boundary: [11.1922 1905.79]
	DNA bead boundary: [-5.87601 2.36758]
20120301_cells_found.fcs
	3123 beads found (0.83888% of all events)
	Bead1(La139)Di bead boundary: [7.38394 767.818]
	Bead2(Pr141)Di bead boundary: [6.2329 445.001]
	CD11c(Tb159)Di bead boundary: [15.2616 3204.31]
	Bead3(Tm169)Di bead boundary: [13.6188 2741.58]
	Bead4(Lu175)Di bead boundary: [11.1922 1905.79]
	DNA bead boundary: [-5.87601 2.36758]
20120302_cells_found.fcs
	4732 beads found (1.1598% of all events)
	Bead1(La139)Di bead boundary: [7.38394 767.818]
	Bead2(Pr141)Di bead boundary: [6.2329 445.001]
	CD11c(Tb159)Di bead boundary: [15.2616 3204.31]
	Bead3(Tm169)Di bead boundary: [13.6188 2741.58]
	Bead4(Lu175)Di bead boundary: [11.1922 1905.79]
	DNA bead boundary: [-5.87601 2.36758]
Removing 4503 events from 20120222_cells_found.fcs with beadDist <= 7
Removing 5075 events from 20120229_cells_found.fcs with beadDist <= 7
Removing 5885 events from 20120301_cells_found.fcs with beadDist <= 7
Removing 7633 events from 20120302_cells_found.fcs with beadDist <= 7
Bead Fractional Range Before = 5.64270
Bead Fractional Range After = 1.42712
